2020-02-19 10:05:14,042 INFO o.a.j.u.JMeterUtils: Setting Locale to en_EN
2020-02-19 10:05:14,055 INFO o.a.j.JMeter: Loading user properties from: user.properties
2020-02-19 10:05:14,056 INFO o.a.j.JMeter: Loading system properties from: system.properties
2020-02-19 10:05:14,057 INFO o.a.j.JMeter: Copyright (c) 1998-2019 The Apache Software Foundation
2020-02-19 10:05:14,057 INFO o.a.j.JMeter: Version 5.2.1
2020-02-19 10:05:14,057 INFO o.a.j.JMeter: java.version=1.8.0_242
2020-02-19 10:05:14,057 INFO o.a.j.JMeter: java.vm.name=OpenJDK 64-Bit Server VM
2020-02-19 10:05:14,057 INFO o.a.j.JMeter: os.name=Linux
2020-02-19 10:05:14,057 INFO o.a.j.JMeter: os.arch=amd64
2020-02-19 10:05:14,057 INFO o.a.j.JMeter: os.version=3.10.0-1062.12.1.el7.x86_64
2020-02-19 10:05:14,057 INFO o.a.j.JMeter: file.encoding=UTF-8
2020-02-19 10:05:14,057 INFO o.a.j.JMeter: java.awt.headless=null
2020-02-19 10:05:14,058 INFO o.a.j.JMeter: Max memory     =1073741824
2020-02-19 10:05:14,058 INFO o.a.j.JMeter: Available Processors =8
2020-02-19 10:05:14,060 INFO o.a.j.JMeter: Default Locale=English (EN)
2020-02-19 10:05:14,061 INFO o.a.j.JMeter: JMeter  Locale=English (EN)
2020-02-19 10:05:14,061 INFO o.a.j.JMeter: JMeterHome=/home/martin/Downloads/DevOps/apache-jmeter-5.2.1
2020-02-19 10:05:14,061 INFO o.a.j.JMeter: user.dir  =/home/martin/Downloads/DevOps/apache-jmeter-5.2.1/bin
2020-02-19 10:05:14,061 INFO o.a.j.JMeter: PWD       =/home/martin/Downloads/DevOps/apache-jmeter-5.2.1/bin
2020-02-19 10:05:14,062 INFO o.a.j.JMeter: IP: 10.131.1.136 Name: ws-191003.aicas.burg FullName: style.aicas.burg
2020-02-19 10:05:14,223 INFO o.a.j.g.a.LookAndFeelCommand: Installing Darcula LAF
2020-02-19 10:05:14,241 INFO o.a.j.g.a.LookAndFeelCommand: Using look and feel: com.bulenkov.darcula.DarculaLaf [Darcula]
2020-02-19 10:05:14,241 INFO o.a.j.JMeter: Setting LAF to: com.bulenkov.darcula.DarculaLaf
2020-02-19 10:05:14,307 INFO o.a.j.JMeter: Loaded icon properties from org/apache/jmeter/images/icon.properties
2020-02-19 10:05:15,560 INFO o.a.j.p.h.s.HTTPSamplerBase: Parser for text/html is org.apache.jmeter.protocol.http.parser.LagartoBasedHtmlParser
2020-02-19 10:05:15,561 INFO o.a.j.p.h.s.HTTPSamplerBase: Parser for application/xhtml+xml is org.apache.jmeter.protocol.http.parser.LagartoBasedHtmlParser
2020-02-19 10:05:15,561 INFO o.a.j.p.h.s.HTTPSamplerBase: Parser for application/xml is org.apache.jmeter.protocol.http.parser.LagartoBasedHtmlParser
2020-02-19 10:05:15,561 INFO o.a.j.p.h.s.HTTPSamplerBase: Parser for text/xml is org.apache.jmeter.protocol.http.parser.LagartoBasedHtmlParser
2020-02-19 10:05:15,561 INFO o.a.j.p.h.s.HTTPSamplerBase: Parser for text/vnd.wap.wml is org.apache.jmeter.protocol.http.parser.RegexpHTMLParser
2020-02-19 10:05:15,561 INFO o.a.j.p.h.s.HTTPSamplerBase: Parser for text/css is org.apache.jmeter.protocol.http.parser.CssParser
2020-02-19 10:05:15,766 INFO o.a.j.e.KeyToolUtils: keytool found at 'keytool'
2020-02-19 10:05:15,766 INFO o.a.j.p.h.p.ProxyControl: HTTP(S) Test Script Recorder SSL Proxy will use keys that support embedded 3rd party resources in file /home/martin/Downloads/DevOps/apache-jmeter-5.2.1/bin/proxyserver.jks
2020-02-19 10:05:15,856 INFO o.a.j.s.FileServer: Default base='/home/martin/Downloads/DevOps/apache-jmeter-5.2.1/bin'
2020-02-19 10:05:16,094 INFO o.a.j.s.SampleResult: Note: Sample TimeStamps are START times
2020-02-19 10:05:16,094 INFO o.a.j.s.SampleResult: sampleresult.default.encoding is set to ISO-8859-1
2020-02-19 10:05:16,094 INFO o.a.j.s.SampleResult: sampleresult.useNanoTime=true
2020-02-19 10:05:16,095 INFO o.a.j.s.SampleResult: sampleresult.nanoThreadSleep=5000
2020-02-19 10:05:16,109 INFO o.a.j.v.ViewResultsFullVisualizer: Add JavaFX to your Java installation if you want to use renderer: org.apache.jmeter.visualizers.RenderInBrowser
2020-02-19 10:58:45,914 INFO o.a.j.s.FileServer: Set new base='/home/martin/Downloads/DevOps/apache-jmeter-5.2.1/bin/examples'
2020-02-19 10:58:46,012 INFO o.a.j.s.SaveService: Testplan (JMX) version: 2.2. Testlog (JTL) version: 2.2
2020-02-19 10:58:46,018 INFO o.a.j.s.SaveService: Using SaveService properties file encoding UTF-8
2020-02-19 10:58:46,020 INFO o.a.j.s.SaveService: Using SaveService properties version 5.0
2020-02-19 10:58:54,867 INFO o.a.j.e.StandardJMeterEngine: Running the test!
2020-02-19 10:58:54,870 INFO o.a.j.s.SampleEvent: List of sample_variables: []
2020-02-19 10:58:54,870 INFO o.a.j.s.SampleEvent: List of sample_variables: []
2020-02-19 10:58:54,876 INFO o.a.j.e.u.CompoundVariable: Note: Function class names must contain the string: '.functions.'
2020-02-19 10:58:54,876 INFO o.a.j.e.u.CompoundVariable: Note: Function class names must not contain the string: '.gui.'
2020-02-19 10:58:55,096 INFO o.a.j.g.u.JMeterMenuBar: setRunning(true, *local*)
2020-02-19 10:58:55,283 INFO o.a.j.e.StandardJMeterEngine: Starting ThreadGroup: 1 : Thread Group
2020-02-19 10:58:55,284 INFO o.a.j.e.StandardJMeterEngine: Starting 5 threads for group Thread Group.
2020-02-19 10:58:55,284 INFO o.a.j.e.StandardJMeterEngine: Thread will continue on error
2020-02-19 10:58:55,284 INFO o.a.j.t.ThreadGroup: Starting thread group... number=1 threads=5 ramp-up=1 delayedStart=false
2020-02-19 10:58:55,292 INFO o.a.j.t.ThreadGroup: Started thread group number 1
2020-02-19 10:58:55,293 INFO o.a.j.e.StandardJMeterEngine: All thread groups have been started
2020-02-19 10:58:55,292 INFO o.a.j.t.JMeterThread: Thread started: Thread Group 1-1
2020-02-19 10:58:55,304 INFO o.a.j.p.h.s.HTTPHCAbstractImpl: Local host = ws-191003.aicas.burg
2020-02-19 10:58:55,309 INFO o.a.j.p.h.s.HTTPHC4Impl: HTTP request retry count = 0
2020-02-19 10:58:55,487 INFO o.a.j.t.JMeterThread: Thread started: Thread Group 1-2
2020-02-19 10:58:55,688 INFO o.a.j.t.JMeterThread: Thread started: Thread Group 1-3
2020-02-19 10:58:55,887 INFO o.a.j.t.JMeterThread: Thread started: Thread Group 1-4
2020-02-19 10:58:56,089 INFO o.a.j.t.JMeterThread: Thread started: Thread Group 1-5
2020-02-19 10:58:58,586 INFO o.a.j.p.h.s.h.LazyLayeredConnectionSocketFactory: Setting up HTTPS TrustAll Socket Factory
2020-02-19 10:58:58,592 INFO o.a.j.u.JsseSSLManager: Using default SSL protocol: TLS
2020-02-19 10:58:58,592 INFO o.a.j.u.JsseSSLManager: SSL session context: per-thread
2020-02-19 10:58:58,650 INFO o.a.j.u.SSLManager: JmeterKeyStore Location:  type JKS
2020-02-19 10:58:58,652 INFO o.a.j.u.SSLManager: KeyStore created OK
2020-02-19 10:58:58,652 WARN o.a.j.u.SSLManager: Keystore file not found, loading empty keystore
2020-02-19 10:59:05,373 INFO o.a.j.t.JMeterThread: Thread is done: Thread Group 1-3
2020-02-19 10:59:05,374 INFO o.a.j.t.JMeterThread: Thread finished: Thread Group 1-3
2020-02-19 10:59:05,530 INFO o.a.j.t.JMeterThread: Thread is done: Thread Group 1-2
2020-02-19 10:59:05,531 INFO o.a.j.t.JMeterThread: Thread finished: Thread Group 1-2
2020-02-19 10:59:05,869 INFO o.a.j.t.JMeterThread: Thread is done: Thread Group 1-5
2020-02-19 10:59:05,869 INFO o.a.j.t.JMeterThread: Thread finished: Thread Group 1-5
2020-02-19 10:59:06,108 INFO o.a.j.t.JMeterThread: Thread is done: Thread Group 1-4
2020-02-19 10:59:06,109 INFO o.a.j.t.JMeterThread: Thread finished: Thread Group 1-4
2020-02-19 10:59:06,858 INFO o.a.j.t.JMeterThread: Thread is done: Thread Group 1-1
2020-02-19 10:59:06,858 INFO o.a.j.t.JMeterThread: Thread finished: Thread Group 1-1
2020-02-19 10:59:06,859 INFO o.a.j.e.StandardJMeterEngine: Notifying test listeners of end of test
2020-02-19 10:59:06,859 INFO o.a.j.g.u.JMeterMenuBar: setRunning(false, *local*)
